<?xml version="1.0" encoding="UTF-8"?>
<testng-results ignored="0" total="2" passed="2" failed="0" skipped="0">
  <reporter-output>
  </reporter-output>
  <suite started-at="2023-10-20T13:56:16 IST" name="Suite" finished-at="2023-10-20T13:56:47 IST" duration-ms="31279">
    <groups>
    </groups>
    <test started-at="2023-10-20T13:56:16 IST" name="Test" finished-at="2023-10-20T13:56:47 IST" duration-ms="31279">
      <class name="testcases.Verifuloginpage">
        <test-method is-config="true" signature="launchBrowser()[pri:0, instance:testcases.Verifuloginpage@36bc55de]" started-at="2023-10-20T13:56:16 IST" name="launchBrowser" finished-at="2023-10-20T13:56:30 IST" duration-ms="13682" status="PASS">
          <reporter-output>
          </reporter-output>
        </test-method> <!-- launchBrowser -->
        <test-method signature="login()[pri:0, instance:testcases.Verifuloginpage@36bc55de]" started-at="2023-10-20T13:56:30 IST" name="login" finished-at="2023-10-20T13:56:30 IST" duration-ms="539" status="PASS">
          <reporter-output>
          </reporter-output>
        </test-method> <!-- login -->
        <test-method is-config="true" signature="Quitbrowser()[pri:0, instance:testcases.Verifuloginpage@36bc55de]" started-at="2023-10-20T13:56:30 IST" name="Quitbrowser" finished-at="2023-10-20T13:56:30 IST" duration-ms="337" status="PASS">
          <reporter-output>
          </reporter-output>
        </test-method> <!-- Quitbrowser -->
      </class> <!-- testcases.Verifuloginpage -->
      <class name="testcases.VerifySignuppage">
        <test-method is-config="true" signature="launchBrowser()[pri:0, instance:testcases.VerifySignuppage@49e53c76]" started-at="2023-10-20T13:56:30 IST" name="launchBrowser" finished-at="2023-10-20T13:56:33 IST" duration-ms="2389" status="PASS">
          <reporter-output>
          </reporter-output>
        </test-method> <!-- launchBrowser -->
        <test-method signature="signup()[pri:0, instance:testcases.VerifySignuppage@49e53c76]" started-at="2023-10-20T13:56:33 IST" name="signup" finished-at="2023-10-20T13:56:47 IST" duration-ms="14014" status="PASS">
          <reporter-output>
          </reporter-output>
        </test-method> <!-- signup -->
        <test-method is-config="true" signature="Quitbrowser()[pri:0, instance:testcases.VerifySignuppage@49e53c76]" started-at="2023-10-20T13:56:47 IST" name="Quitbrowser" finished-at="2023-10-20T13:56:47 IST" duration-ms="261" status="PASS">
          <reporter-output>
          </reporter-output>
        </test-method> <!-- Quitbrowser -->
      </class> <!-- testcases.VerifySignuppage -->
    </test> <!-- Test -->
  </suite> <!-- Suite -->
</testng-results>
